SF:lib\presentation\pages\about_page.dart
DA:8,1
DA:10,1
DA:11,1
DA:12,1
DA:13,1
DA:14,1
DA:15,1
DA:16,1
DA:18,1
DA:19,1
DA:26,1
DA:27,1
DA:30,1
DA:32,1
DA:39,1
DA:40,1
DA:41,0
DA:42,1
LF:18
LH:17
end_of_record
SF:lib\presentation\pages\movie_detail_page.dart
DA:24,1
DA:28,1
DA:29,1
DA:33,1
DA:35,1
DA:36,2
DA:37,2
DA:38,3
DA:39,2
DA:40,3
DA:44,1
DA:46,1
DA:47,1
DA:48,1
DA:49,1
DA:50,2
DA:51,0
DA:52,0
DA:54,2
DA:55,1
DA:56,1
DA:58,0
DA:59,0
DA:73,1
DA:75,1
DA:77,1
DA:78,3
DA:79,1
DA:80,1
DA:81,2
DA:82,1
DA:84,1
DA:85,1
DA:86,2
DA:87,4
DA:89,0
DA:92,2
DA:94,1
DA:95,1
DA:96,1
DA:97,3
DA:99,1
DA:101,1
DA:102,1
DA:103,1
DA:108,1
DA:110,1
DA:111,4
DA:112,1
DA:113,1
DA:114,1
DA:118,1
DA:119,3
DA:121,1
DA:122,3
DA:124,1
DA:125,1
DA:126,1
DA:127,3
DA:129,2
DA:135,4
DA:138,1
DA:139,1
DA:141,1
DA:143,1
DA:144,5
DA:146,1
DA:147,1
DA:149,1
DA:151,3
DA:152,0
DA:153,0
DA:155,0
DA:157,0
DA:158,0
DA:159,0
DA:161,0
DA:162,0
DA:163,0
DA:166,0
DA:169,0
DA:170,0
DA:171,0
DA:173,0
DA:175,0
DA:176,0
DA:177,0
DA:179,0
DA:180,0
DA:183,0
DA:184,0
DA:190,0
DA:193,1
DA:194,1
LF:94
LH:67
end_of_record
SF:lib\presentation\provider\movie_detail_notifier.dart
DA:21,1
DA:30,2
DA:33,2
DA:36,2
DA:39,2
DA:42,2
DA:45,2
DA:47,1
DA:48,1
DA:49,1
DA:50,3
DA:51,3
DA:52,1
DA:53,1
DA:54,1
DA:55,2
DA:56,1
DA:58,1
DA:59,1
DA:60,1
DA:61,1
DA:62,1
DA:63,1
DA:64,1
DA:65,2
DA:67,1
DA:68,1
DA:69,1
DA:72,1
DA:73,1
DA:79,2
DA:81,1
DA:82,3
DA:84,2
DA:85,1
DA:86,2
DA:88,1
DA:89,1
DA:93,3
DA:96,1
DA:97,3
DA:99,2
DA:100,0
DA:101,0
DA:103,1
DA:104,1
DA:108,3
DA:111,1
DA:112,3
DA:113,1
DA:114,1
LF:51
LH:49
end_of_record
SF:lib\presentation\widgets\scrollable_sheet_container.dart
DA:6,2
DA:10,2
DA:15,2
DA:17,6
DA:19,2
DA:20,2
DA:21,2
DA:22,2
DA:24,4
DA:25,2
DA:27,0
DA:29,2
DA:31,2
DA:32,2
DA:33,2
DA:34,2
DA:36,4
DA:43,2
DA:44,2
DA:45,2
DA:47,2
DA:53,2
DA:55,2
DA:57,2
DA:59,2
DA:72,2
DA:74,2
DA:77,2
DA:78,2
DA:79,0
DA:80,0
LF:31
LH:28
end_of_record
SF:lib\presentation\pages\popular_movies_page.dart
DA:11,1
DA:12,1
DA:16,1
DA:18,1
DA:19,2
DA:20,2
DA:21,1
DA:24,1
DA:26,1
DA:27,1
DA:28,1
DA:30,1
DA:32,1
DA:33,1
DA:34,2
DA:35,1
DA:36,1
DA:38,2
DA:39,1
DA:40,1
DA:41,2
DA:43,1
DA:49,2
DA:52,1
DA:53,1
DA:54,2
LF:26
LH:26
end_of_record
SF:lib\presentation\provider\popular_movies_notifier.dart
DA:8,1
DA:11,2
DA:14,2
DA:17,2
DA:19,1
DA:20,1
DA:21,1
DA:23,3
DA:25,1
DA:26,1
DA:27,2
DA:28,1
DA:29,1
DA:31,1
DA:32,1
DA:33,1
DA:34,1
LF:17
LH:17
end_of_record
SF:lib\presentation\widgets\content_card_list.dart
DA:19,6
DA:26,6
DA:28,6
DA:30,6
DA:32,6
DA:33,0
DA:34,0
DA:36,0
DA:37,0
DA:40,6
DA:42,6
DA:43,6
DA:44,6
DA:50,6
DA:52,6
DA:53,6
DA:54,6
DA:57,6
DA:59,6
DA:60,6
DA:61,6
DA:69,6
DA:74,6
DA:75,6
DA:76,12
DA:78,12
DA:80,6
DA:81,6
DA:82,6
DA:85,0
DA:87,12
DA:97,0
DA:98,0
DA:99,0
DA:101,6
DA:102,24
DA:104,18
DA:105,6
DA:106,6
DA:108,6
DA:109,24
LF:41
LH:33
end_of_record
SF:lib\presentation\pages\popular_tv_shows_page.dart
DA:11,1
DA:12,1
DA:16,1
DA:18,1
DA:19,2
DA:20,2
DA:21,1
DA:24,1
DA:26,1
DA:27,1
DA:28,1
DA:30,1
DA:32,1
DA:33,1
DA:34,2
DA:35,1
DA:36,1
DA:38,2
DA:39,1
DA:40,1
DA:41,2
DA:43,1
DA:49,2
DA:52,1
DA:53,1
DA:54,2
LF:26
LH:26
end_of_record
SF:lib\presentation\provider\popular_tv_shows_notifier.dart
DA:8,1
DA:11,2
DA:14,2
DA:17,2
DA:19,1
DA:20,1
DA:21,1
DA:23,3
DA:25,1
DA:26,1
DA:27,2
DA:28,1
DA:29,1
DA:31,1
DA:32,1
DA:33,1
DA:34,1
LF:17
LH:17
end_of_record
SF:lib\presentation\pages\tv_show_detail_page.dart
DA:25,2
DA:29,1
DA:30,1
DA:34,1
DA:36,1
DA:37,2
DA:38,2
DA:39,3
DA:40,2
DA:41,3
DA:45,1
DA:47,1
DA:48,1
DA:49,1
DA:50,1
DA:51,2
DA:52,0
DA:53,0
DA:55,2
DA:56,1
DA:57,1
DA:59,0
DA:72,1
DA:74,1
DA:76,1
DA:77,3
DA:78,1
DA:79,1
DA:80,2
DA:81,1
DA:83,1
DA:84,1
DA:85,2
DA:86,4
DA:88,0
DA:91,2
DA:93,1
DA:94,1
DA:95,1
DA:96,3
DA:98,1
DA:100,1
DA:101,1
DA:102,1
DA:107,1
DA:109,1
DA:110,4
DA:111,1
DA:112,1
DA:113,1
DA:117,1
DA:118,3
DA:120,1
DA:121,3
DA:122,0
DA:125,1
DA:126,1
DA:127,1
DA:128,3
DA:130,2
DA:136,4
DA:139,1
DA:140,1
DA:141,4
DA:143,1
DA:144,4
DA:146,1
DA:147,1
DA:149,1
DA:151,1
DA:152,5
DA:154,1
DA:155,1
DA:157,1
DA:159,3
DA:160,0
DA:161,0
DA:163,0
DA:165,0
DA:166,0
DA:167,0
DA:169,0
DA:170,0
DA:171,0
DA:174,0
DA:177,0
DA:178,0
DA:179,0
DA:181,0
DA:183,0
DA:184,0
DA:185,0
DA:187,0
DA:188,0
DA:191,0
DA:192,0
DA:198,0
DA:201,1
DA:202,1
DA:203,1
DA:205,1
DA:207,3
DA:208,1
DA:210,1
DA:211,1
DA:213,1
DA:214,3
DA:216,1
DA:217,1
DA:218,1
DA:219,1
DA:220,1
DA:222,1
DA:223,1
DA:224,1
DA:225,0
DA:227,0
DA:230,0
DA:231,0
DA:233,0
DA:237,1
DA:239,2
DA:240,2
DA:241,1
DA:243,0
DA:244,0
DA:246,1
DA:247,1
DA:248,1
DA:251,1
DA:254,1
DA:255,2
DA:256,2
DA:264,3
DA:267,0
DA:268,1
LF:136
LH:101
end_of_record
SF:lib\presentation\provider\tv_show_detail_notifier.dart
DA:14,1
DA:29,2
DA:32,2
DA:35,2
DA:38,2
DA:41,2
DA:44,2
DA:46,1
DA:47,1
DA:48,1
DA:50,3
DA:51,3
DA:53,1
DA:54,1
DA:55,1
DA:56,2
DA:57,1
DA:59,1
DA:60,1
DA:61,1
DA:62,1
DA:64,1
DA:65,1
DA:66,1
DA:67,2
DA:69,1
DA:70,1
DA:71,1
DA:74,1
DA:75,1
DA:81,2
DA:83,1
DA:84,3
DA:86,2
DA:87,1
DA:88,2
DA:90,1
DA:91,1
DA:95,3
DA:98,1
DA:99,3
DA:101,2
DA:102,0
DA:103,0
DA:105,1
DA:106,1
DA:110,3
DA:113,1
DA:114,3
DA:115,1
DA:116,1
LF:51
LH:49
end_of_record
SF:lib\presentation\pages\top_rated_movies_page.dart
DA:11,1
DA:12,1
DA:16,1
DA:18,1
DA:19,2
DA:20,2
DA:21,1
DA:24,1
DA:26,1
DA:27,1
DA:28,1
DA:30,1
DA:32,1
DA:33,1
DA:34,2
DA:35,1
DA:36,1
DA:38,2
DA:39,1
DA:40,1
DA:41,2
DA:43,1
DA:49,2
DA:52,1
DA:53,1
DA:54,2
LF:26
LH:26
end_of_record
SF:lib\presentation\provider\top_rated_movies_notifier.dart
DA:8,1
DA:11,2
DA:14,2
DA:17,2
DA:19,1
DA:20,1
DA:21,1
DA:23,3
DA:25,1
DA:26,1
DA:27,2
DA:28,1
DA:29,1
DA:31,1
DA:32,1
DA:33,1
DA:34,1
LF:17
LH:17
end_of_record
SF:lib\presentation\pages\top_rated_tv_shows_page.dart
DA:11,1
DA:12,1
DA:16,1
DA:18,1
DA:19,2
DA:20,2
DA:21,1
DA:24,1
DA:26,1
DA:27,1
DA:28,1
DA:30,1
DA:32,1
DA:33,1
DA:34,2
DA:35,1
DA:36,1
DA:38,2
DA:39,1
DA:40,1
DA:41,2
DA:43,1
DA:49,2
DA:52,1
DA:53,1
DA:54,2
LF:26
LH:26
end_of_record
SF:lib\presentation\provider\top_rated_tv_shows_notifier.dart
DA:8,1
DA:11,2
DA:14,2
DA:17,2
DA:19,1
DA:20,1
DA:21,1
DA:23,3
DA:25,1
DA:26,1
DA:27,2
DA:28,1
DA:29,1
DA:31,1
DA:32,1
DA:33,1
DA:34,1
LF:17
LH:17
end_of_record
SF:lib\presentation\pages\watchlist_movies_page.dart
DA:10,1
DA:11,1
DA:15,1
DA:17,1
DA:18,2
DA:19,2
DA:20,1
DA:23,1
DA:25,1
DA:27,1
DA:28,1
DA:29,2
DA:30,1
DA:31,1
DA:33,2
DA:34,2
DA:35,1
DA:36,2
DA:39,1
DA:40,1
DA:41,2
DA:43,1
DA:49,2
DA:52,0
DA:53,0
DA:54,0
LF:26
LH:23
end_of_record
SF:lib\presentation\provider\watchlist_movie_notifier.dart
DA:7,2
DA:10,2
DA:13,2
DA:15,1
DA:19,1
DA:20,1
DA:21,1
DA:23,3
DA:24,1
DA:25,1
DA:26,1
DA:27,2
DA:28,1
DA:30,1
DA:31,1
DA:32,1
DA:33,1
LF:17
LH:17
end_of_record
SF:lib\presentation\provider\movie_list_notifier.dart
DA:12,2
DA:15,2
DA:18,2
DA:21,2
DA:24,2
DA:27,2
DA:30,2
DA:32,1
DA:42,1
DA:43,1
DA:44,1
DA:46,3
DA:47,1
DA:48,1
DA:49,1
DA:50,2
DA:51,1
DA:53,1
DA:54,1
DA:55,1
DA:56,1
DA:61,1
DA:62,1
DA:63,1
DA:65,3
DA:66,1
DA:67,1
DA:68,1
DA:69,2
DA:70,1
DA:72,1
DA:73,1
DA:74,1
DA:75,1
DA:80,1
DA:81,1
DA:82,1
DA:84,3
DA:85,1
DA:86,1
DA:87,1
DA:88,2
DA:89,1
DA:91,1
DA:92,1
DA:93,1
DA:94,1
LF:47
LH:47
end_of_record
SF:lib\presentation\pages\watchlist_tv_shows_page.dart
DA:10,1
DA:11,1
DA:15,1
DA:17,1
DA:18,2
DA:19,2
DA:20,1
DA:23,1
DA:25,1
DA:27,1
DA:28,1
DA:29,2
DA:30,1
DA:31,1
DA:33,2
DA:34,2
DA:35,1
DA:36,2
DA:39,1
DA:40,1
DA:41,2
DA:43,1
DA:49,2
DA:52,0
DA:53,0
DA:54,0
LF:26
LH:23
end_of_record
SF:lib\presentation\provider\watchlist_tv_show_notifier.dart
DA:7,2
DA:10,2
DA:13,2
DA:15,1
DA:19,1
DA:20,1
DA:21,1
DA:23,3
DA:24,1
DA:25,1
DA:26,1
DA:27,2
DA:28,1
DA:30,1
DA:31,1
DA:32,1
DA:33,1
LF:17
LH:17
end_of_record
SF:lib\presentation\provider\search_notifier.dart
DA:9,1
DA:15,2
DA:18,2
DA:21,2
DA:24,2
DA:26,0
DA:27,0
DA:28,0
DA:29,0
DA:30,0
DA:33,1
DA:34,1
DA:35,1
DA:37,3
DA:38,1
DA:39,1
DA:40,2
DA:41,1
DA:42,1
DA:44,1
DA:45,1
DA:46,1
DA:47,1
DA:52,1
DA:53,1
DA:54,1
DA:56,3
DA:57,1
DA:58,1
DA:59,2
DA:60,1
DA:61,1
DA:63,1
DA:64,1
DA:65,1
DA:66,1
LF:36
LH:31
end_of_record
SF:lib\presentation\provider\tv_show_list_notifier.dart
DA:12,2
DA:15,2
DA:18,2
DA:21,2
DA:24,2
DA:27,2
DA:30,2
DA:32,1
DA:42,1
DA:43,1
DA:44,1
DA:46,3
DA:47,1
DA:48,1
DA:49,1
DA:50,2
DA:51,1
DA:53,1
DA:54,1
DA:55,1
DA:56,1
DA:61,1
DA:62,1
DA:63,1
DA:65,3
DA:66,1
DA:67,1
DA:68,1
DA:69,2
DA:70,1
DA:72,1
DA:73,1
DA:74,1
DA:75,1
DA:80,1
DA:81,1
DA:82,1
DA:84,3
DA:85,1
DA:86,1
DA:87,1
DA:88,2
DA:89,1
DA:91,1
DA:92,1
DA:93,1
DA:94,1
LF:47
LH:47
end_of_record
